2025-08-24 10:48:12,956-INFO-Sales data extaction started....
2025-08-24 10:52:22,729-INFO-Sales data extaction started....
2025-08-24 11:21:49,076-INFO-Sales data transformation for sales data  started....
2025-08-24 11:21:49,358-INFO-Sales data transfromation for sales data compeleted....
2025-08-24 11:52:46,631-INFO-Sales data transformation for sales data  started....
2025-08-24 11:52:46,764-INFO-Sales data transfromation for sales data compeleted....
2025-08-24 11:55:23,309-INFO-Sales data transformation for sales data  started....
2025-08-24 11:55:23,441-INFO-Sales data transfromation for sales data compeleted....
2025-08-24 11:55:23,442-INFO- Router transformation for low region on sales data started....
2025-08-24 11:55:23,518-INFO- Router transformation for low region on sales data completed....
2025-08-24 11:55:23,518-INFO- Router transformation for high region on sales data started....
2025-08-24 11:55:23,609-INFO- Router transformation for high region on sales data completed....
2025-08-24 11:55:23,609-INFO- sales Aggregator transformation started....
2025-08-24 11:55:23,689-INFO-sales Aggregator transformation completed....
2025-08-24 11:55:23,689-INFO- Inventory Aggregator transformation started....
2025-08-24 11:55:23,760-INFO-Inventory Aggregator transformation completed....
2025-08-24 11:55:23,760-INFO- Inventory Aggregator transformation started....
2025-08-24 11:55:23,856-INFO-Inventory Aggregator transformation completed....
2025-08-24 12:13:25,638-INFO-Loading to fact-sales table  started....
2025-08-24 12:13:25,639-INFO- insert into fact_sales(sales_id,product_id,store_id,quantity,total_sales,sale_date)
                 select sales_id,product_id,store_id,quantity,total_sales_amount,sale_date from sales_with_details
2025-08-24 12:15:19,374-INFO-Loading to fact-sales table  started....
2025-08-24 12:15:19,374-INFO- insert into fact_sales(sales_id,product_id,store_id,quantity,total_sales,sale_date)
                 select sales_id,product_id,store_id,quantity,total_sales_amount,sale_date from sales_with_details
2025-08-24 12:15:56,974-INFO-Loading to fact-sales table  started....
2025-08-24 12:15:56,974-INFO- insert into fact_sales(sales_id,product_id,store_id,quantity,total_sales,sale_date)
                 select sales_id,product_id,store_id,quantity,total_sales_amount,sale_date from sales_with_details
2025-08-24 12:17:10,753-INFO-Loading to fact-sales table  started....
2025-08-24 12:17:10,753-INFO- insert into fact_sales(sales_id,product_id,store_id,quantity,total_sales,sale_date)
                 select sales_id,product_id,store_id,quantity,total_sales_amount,sale_date from sales_with_details
2025-08-24 12:17:10,768-INFO-Loading to fact-sales table completed....
2025-08-24 12:17:49,983-INFO-Loading to fact-sales table  started....
2025-08-24 12:17:49,984-INFO- insert into fact_sales(sales_id,product_id,store_id,quantity,total_sales,sale_date)
                 select sales_id,product_id,store_id,quantity,total_sales_amount,sale_date from sales_with_details
2025-08-30 10:02:55,798-INFO-Loading to fact-sales table  started....
2025-08-30 10:02:55,809-INFO- insert into fact_sales(sales_id,product_id,store_id,quantity,total_sales,sale_date)
                 select sales_id,product_id,store_id,quantity,total_sales_amount,sale_date from sales_with_details
2025-08-30 10:02:55,890-INFO-Loading to monthly_sales_summary table  started....
2025-08-30 10:02:55,891-INFO-insert into monthly_sales_summary(product_id,month,year,total_sales) 
                    select product_id,month,year,total_sales from monthly_sales_summary_source
2025-08-30 10:02:55,915-INFO-Loading to fact_inventory table  started....
2025-08-30 10:02:55,916-INFO-insert into fact_inventory(product_id,store_id,quantity_on_hand,last_updated)
                    select product_id,store_id,quantity_on_hand,last_updated from stag_inventory
2025-08-30 10:02:55,945-INFO-Loading to inventory_levels_by_store table  started....
2025-08-30 10:02:55,945-INFO-insert into inventory_levels_by_store(store_id,total_inventory)
                    select store_id,total_inventory from aggregated_inventory_level
2025-08-30 10:39:40,460-INFO-Sales file download started....
2025-08-30 10:39:40,638-INFO-Connected (version 2.0, client OpenSSH_8.7)
2025-08-30 10:39:40,834-INFO-Authentication (password) successful!
2025-08-30 10:39:41,264-INFO-[chan 0] Opened sftp connection (server version 3)
2025-08-30 10:39:41,282-INFO-[chan 0] sftp session closed.
2025-08-30 10:39:41,283-INFO-Sales file download completed....
2025-08-30 10:39:41,284-INFO-Sales file download completed....
2025-08-30 10:39:41,285-INFO-Sales data extaction started....
2025-08-30 10:39:41,503-INFO-Sales data extaction completed....
2025-08-30 10:43:12,979-INFO-Sales data transformation for sales data  started....
2025-08-30 10:43:13,129-INFO-Sales data transfromation for sales data compeleted....
2025-08-30 10:43:13,129-INFO- Router transformation for low region on sales data started....
2025-08-30 10:43:13,205-INFO- Router transformation for low region on sales data completed....
2025-08-30 10:43:13,206-INFO- Router transformation for high region on sales data started....
2025-08-30 10:43:13,351-INFO- Router transformation for high region on sales data completed....
2025-08-30 10:43:13,351-INFO- sales Aggregator transformation started....
2025-08-30 10:43:13,440-INFO-sales Aggregator transformation completed....
2025-08-30 10:43:13,440-INFO- Inventory Aggregator transformation started....
2025-08-30 10:43:13,510-INFO-Inventory Aggregator transformation completed....
2025-08-30 10:43:13,510-INFO- Inventory Aggregator transformation started....
2025-08-30 10:43:13,612-INFO-Inventory Aggregator transformation completed....
2025-08-30 10:43:24,381-INFO-Loading to fact-sales table  started....
2025-08-30 10:43:24,381-INFO- insert into fact_sales(sales_id,product_id,store_id,quantity,total_sales,sale_date)
                 select sales_id,product_id,store_id,quantity,total_sales_amount,sale_date from sales_with_details
2025-08-30 10:43:24,423-INFO-Loading to monthly_sales_summary table  started....
2025-08-30 10:43:24,424-INFO-insert into monthly_sales_summary(product_id,month,year,total_sales) 
                    select product_id,month,year,total_sales from monthly_sales_summary_source
2025-08-30 10:43:24,453-INFO-Loading to fact_inventory table  started....
2025-08-30 10:43:24,453-INFO-insert into fact_inventory(product_id,store_id,quantity_on_hand,last_updated)
                    select product_id,store_id,quantity_on_hand,last_updated from stag_inventory
2025-08-30 10:43:24,482-INFO-Loading to inventory_levels_by_store table  started....
2025-08-30 10:43:24,483-INFO-insert into inventory_levels_by_store(store_id,total_inventory)
                    select store_id,total_inventory from aggregated_inventory_level
